{
  "stats": {
    "suites": 1,
    "tests": 6,
    "passes": 6,
    "pending": 0,
    "failures": 0,
    "start": "2022-02-16T17:37:51.973Z",
    "end": "2022-02-16T17:39:20.718Z",
    "duration": 88745,
    "testsRegistered": 6,
    "passPercent": 100,
    "pendingPercent": 0,
    "other": 0,
    "hasOther": false,
    "skipped": 0,
    "hasSkipped": false
  },
  "results": [
    {
      "uuid": "bd77c084-0a3a-4491-ae2a-fba954082178",
      "title": "",
      "fullFile": "cypress/integration/testSuite01/ts01-LEVYHealth.js",
      "file": "cypress/integration/testSuite01/ts01-LEVYHealth.js",
      "beforeHooks": [],
      "afterHooks": [],
      "tests": [],
      "suites": [
        {
          "uuid": "fa4b96f1-d244-4a63-a9fe-26f1e1fa2cbb",
          "title": "LEVY Health tests",
          "fullFile": "",
          "file": "",
          "beforeHooks": [],
          "afterHooks": [],
          "tests": [
            {
              "title": "test01: LEVY home page",
              "fullTitle": "LEVY Health tests test01: LEVY home page",
              "timedOut": null,
              "duration": 15364,
              "state": "passed",
              "speed": "slow",
              "pass": true,
              "fail": false,
              "pending": false,
              "context": null,
              "code": "cy.visit('https://www.levy.health/en/', {\n  failOnStatusCode: false\n}); //failOnStatusCode is to Handle Service Unavailable and Uncaught Exception in Cypress\ncy.url().should('include', 'levy.health/en');\ncy.title().should('contains', 'Levy Health');\ncy.get('#menu-item-wpml-ls-15-de > a > .wpml-ls-native').click();\ncy.url().should('include', 'levy.health');\ncy.wait(4000);\ncy.log('End of test');",
              "err": {},
              "uuid": "445d3770-9d09-4e96-b7ae-429b13a9a348",
              "parentUUID": "fa4b96f1-d244-4a63-a9fe-26f1e1fa2cbb",
              "isHook": false,
              "skipped": false
            },
            {
              "title": "test02: our science",
              "fullTitle": "LEVY Health tests test02: our science",
              "timedOut": null,
              "duration": 14052,
              "state": "passed",
              "speed": "slow",
              "pass": true,
              "fail": false,
              "pending": false,
              "context": null,
              "code": "cy.visit('https://www.levy.health/en/');\ncy.get('#menu-main-menu-en-1 > .menu-item-564 > a').click();\ncy.url().should('include', 'levy.health/en/our-science/');\ncy.contains('LEVY Fertility Code').should('be.visible');\ncy.contains('The algorithm creates your personal risk profile').click();\ncy.contains('Individualized blood diagnostics').click();\ncy.contains('You receive your results and discuss them with our reproductive physicians').should('be.visible');\ncy.contains('We accompany you holistically').click();\ncy.wait(4000);\ncy.log('End of test');",
              "err": {},
              "uuid": "dadf49be-46fa-452b-8d6d-13515b47ca0a",
              "parentUUID": "fa4b96f1-d244-4a63-a9fe-26f1e1fa2cbb",
              "isHook": false,
              "skipped": false
            },
            {
              "title": "test03: team",
              "fullTitle": "LEVY Health tests test03: team",
              "timedOut": null,
              "duration": 12643,
              "state": "passed",
              "speed": "slow",
              "pass": true,
              "fail": false,
              "pending": false,
              "context": null,
              "code": "cy.visit('https://www.levy.health/en/');\ncy.get('#menu-main-menu-en-1 > .menu-item-563 > a').click();\ncy.url().should('include', 'levy.health/en/team/');\ncy.contains('THE FOUNDERS').should('be.visible');\ncy.contains('CAROLINE MITTERDORFER').should('be.visible');\ncy.contains('SILVIA HECHER').should('be.visible');\ncy.contains('THERESA VILSMAIER').should('be.visible');\ncy.contains('SCOTT ENGLAND');\ncy.wait(4000);\ncy.log('End of test');",
              "err": {},
              "uuid": "075fee74-0d24-4d04-a8f5-61da9ab51e34",
              "parentUUID": "fa4b96f1-d244-4a63-a9fe-26f1e1fa2cbb",
              "isHook": false,
              "skipped": false
            },
            {
              "title": "test04: blog",
              "fullTitle": "LEVY Health tests test04: blog",
              "timedOut": null,
              "duration": 14162,
              "state": "passed",
              "speed": "slow",
              "pass": true,
              "fail": false,
              "pending": false,
              "context": null,
              "code": "cy.visit('https://www.levy.health/en/');\ncy.get('#menu-main-menu-en-1 > .menu-item-3391 > a').click();\ncy.url().should('include', 'levy.health/en/blog/');\ncy.contains('LEVY Blog').should('be.visible');\ncy.wait(4000);\ncy.log('End of test');",
              "err": {},
              "uuid": "b2eb5658-8f2b-420e-aa24-addb56818b5a",
              "parentUUID": "fa4b96f1-d244-4a63-a9fe-26f1e1fa2cbb",
              "isHook": false,
              "skipped": false
            },
            {
              "title": "test05: contact",
              "fullTitle": "LEVY Health tests test05: contact",
              "timedOut": null,
              "duration": 13292,
              "state": "passed",
              "speed": "slow",
              "pass": true,
              "fail": false,
              "pending": false,
              "context": null,
              "code": "cy.visit('https://www.levy.health/en/');\ncy.get('#menu-main-menu-en-1 > .menu-item-565 > a').click();\ncy.url().should('include', 'levy.health/en/contact/');\ncy.contains('Contact Us').should('be.visible');\ncy.contains('hello@levy.health').should('be.visible');\ncy.wait(4000);\ncy.log('End of test');",
              "err": {},
              "uuid": "add43420-55d6-44bf-81f2-a2c4c4d6220c",
              "parentUUID": "fa4b96f1-d244-4a63-a9fe-26f1e1fa2cbb",
              "isHook": false,
              "skipped": false
            },
            {
              "title": "test06: login",
              "fullTitle": "LEVY Health tests test06: login",
              "timedOut": null,
              "duration": 14812,
              "state": "passed",
              "speed": "slow",
              "pass": true,
              "fail": false,
              "pending": false,
              "context": null,
              "code": "cy.visit('https://www.levy.health/en/');\ncy.get('#menu-main-menu-en-1 > .menu-item-type-custom > a').click();\ncy.url().should('include', 'your.levy.health/auth/register');\ncy.get('.picker > :nth-child(2)').click();\ncy.contains('Sign up to LEVY').should('be.visible');\ncy.contains('Already a member? Log in').should('be.visible');\ncy.contains('I agree to the Terms and Conditions and Data Privacy Policy').should('be.visible');\ncy.contains('Sign up to LEVY').should('be.visible');\ncy.wait(4000);\ncy.log('End of test');",
              "err": {},
              "uuid": "18b27173-33db-481e-8f0e-62b9010817fb",
              "parentUUID": "fa4b96f1-d244-4a63-a9fe-26f1e1fa2cbb",
              "isHook": false,
              "skipped": false
            }
          ],
          "suites": [],
          "passes": [
            "445d3770-9d09-4e96-b7ae-429b13a9a348",
            "dadf49be-46fa-452b-8d6d-13515b47ca0a",
            "075fee74-0d24-4d04-a8f5-61da9ab51e34",
            "b2eb5658-8f2b-420e-aa24-addb56818b5a",
            "add43420-55d6-44bf-81f2-a2c4c4d6220c",
            "18b27173-33db-481e-8f0e-62b9010817fb"
          ],
          "failures": [],
          "pending": [],
          "skipped": [],
          "duration": 84325,
          "root": false,
          "rootEmpty": false,
          "_timeout": 2000
        }
      ],
      "passes": [],
      "failures": [],
      "pending": [],
      "skipped": [],
      "duration": 0,
      "root": true,
      "rootEmpty": true,
      "_timeout": 2000
    }
  ],
  "meta": {
    "mocha": {
      "version": "7.0.1"
    },
    "mochawesome": {
      "options": {
        "quiet": false,
        "reportFilename": "report",
        "saveHtml": true,
        "saveJson": true,
        "consoleReporter": "spec",
        "useInlineDiffs": false,
        "code": true
      },
      "version": "7.0.1"
    },
    "marge": {
      "options": {
        "reportDir": "cypress/reports",
        "reportFilename": "report",
        "overwrite": false,
        "html": true,
        "json": true,
        "charts": true
      },
      "version": "6.0.1"
    }
  }
}