{
  "stats": {
    "suites": 1,
    "tests": 6,
    "passes": 6,
    "pending": 0,
    "failures": 0,
    "start": "2022-02-16T17:39:22.704Z",
    "end": "2022-02-16T17:40:30.448Z",
    "duration": 67744,
    "testsRegistered": 6,
    "passPercent": 100,
    "pendingPercent": 0,
    "other": 0,
    "hasOther": false,
    "skipped": 0,
    "hasSkipped": false
  },
  "results": [
    {
      "uuid": "01101741-cf14-4fa2-a709-378b0a862562",
      "title": "",
      "fullFile": "cypress/integration/testSuite01/ts02-viewPortLEVY.js",
      "file": "cypress/integration/testSuite01/ts02-viewPortLEVY.js",
      "beforeHooks": [],
      "afterHooks": [],
      "tests": [],
      "suites": [
        {
          "uuid": "4a11829e-bed2-4309-ae91-07b7f821e53f",
          "title": "view ports: size & orientation of the LEVY web pages",
          "fullFile": "",
          "file": "",
          "beforeHooks": [],
          "afterHooks": [],
          "tests": [
            {
              "title": "test01: run tests in macbook-16",
              "fullTitle": "view ports: size & orientation of the LEVY web pages test01: run tests in macbook-16",
              "timedOut": null,
              "duration": 12313,
              "state": "passed",
              "speed": "slow",
              "pass": true,
              "fail": false,
              "pending": false,
              "context": null,
              "code": "cy.viewport('macbook-16');\ncy.screenshot();\ncy.wait(2000);",
              "err": {},
              "uuid": "a7f83f2a-e1a2-4f23-a4e1-1eabf5c5d14d",
              "parentUUID": "4a11829e-bed2-4309-ae91-07b7f821e53f",
              "isHook": false,
              "skipped": false
            },
            {
              "title": "test02: run tests in ipad-2",
              "fullTitle": "view ports: size & orientation of the LEVY web pages test02: run tests in ipad-2",
              "timedOut": null,
              "duration": 7663,
              "state": "passed",
              "speed": "medium",
              "pass": true,
              "fail": false,
              "pending": false,
              "context": null,
              "code": "cy.viewport('ipad-2');\ncy.wait(2000);",
              "err": {},
              "uuid": "6782949f-90e6-43fc-9f0e-7a2d9f21ffdc",
              "parentUUID": "4a11829e-bed2-4309-ae91-07b7f821e53f",
              "isHook": false,
              "skipped": false
            },
            {
              "title": "test03: run tests in iphone-8",
              "fullTitle": "view ports: size & orientation of the LEVY web pages test03: run tests in iphone-8",
              "timedOut": null,
              "duration": 6705,
              "state": "passed",
              "speed": "medium",
              "pass": true,
              "fail": false,
              "pending": false,
              "context": null,
              "code": "cy.viewport('iphone-8');\ncy.wait(2000);",
              "err": {},
              "uuid": "dfa110fd-a159-406d-a0c2-1326fc951f57",
              "parentUUID": "4a11829e-bed2-4309-ae91-07b7f821e53f",
              "isHook": false,
              "skipped": false
            },
            {
              "title": "test04: run tests in 1024px x 768px",
              "fullTitle": "view ports: size & orientation of the LEVY web pages test04: run tests in 1024px x 768px",
              "timedOut": null,
              "duration": 7769,
              "state": "passed",
              "speed": "medium",
              "pass": true,
              "fail": false,
              "pending": false,
              "context": null,
              "code": "cy.viewport(1024, 768);\ncy.wait(2000);",
              "err": {},
              "uuid": "d5ed54cf-d4e7-4810-8de5-a1ca49e6e036",
              "parentUUID": "4a11829e-bed2-4309-ae91-07b7f821e53f",
              "isHook": false,
              "skipped": false
            },
            {
              "title": "test05: run tests in samsung-s10",
              "fullTitle": "view ports: size & orientation of the LEVY web pages test05: run tests in samsung-s10",
              "timedOut": null,
              "duration": 18272,
              "state": "passed",
              "speed": "slow",
              "pass": true,
              "fail": false,
              "pending": false,
              "context": null,
              "code": "cy.viewport('samsung-note9');\ncy.wait(2000);\ncy.get('.bar-img').click();\ncy.get('#menu-item-563 > a').click();\ncy.url().should('include', 'levy.health/en/team/');\ncy.contains('THE FOUNDERS').should('be.visible');\ncy.contains('CAROLINE MITTERDORFER').should('be.visible');\ncy.contains('SILVIA HECHER').should('be.visible');\ncy.contains('THERESA VILSMAIER').should('be.visible');\ncy.contains('SCOTT ENGLAND');\ncy.wait(4000);\ncy.log('End of test');",
              "err": {},
              "uuid": "2cf04ec6-6ce6-4998-b4d8-739a76bfe4f3",
              "parentUUID": "4a11829e-bed2-4309-ae91-07b7f821e53f",
              "isHook": false,
              "skipped": false
            },
            {
              "title": "test06: LEVY Health Social link - LinkedIn",
              "fullTitle": "view ports: size & orientation of the LEVY web pages test06: LEVY Health Social link - LinkedIn",
              "timedOut": null,
              "duration": 11967,
              "state": "passed",
              "speed": "slow",
              "pass": true,
              "fail": false,
              "pending": false,
              "context": null,
              "code": "cy.visit('https://www.levy.health/en/');\ncy.get(':nth-child(3) > a > img').click();\ncy.url().should('include', 'linkedin.com/company/');\ncy.log('End of test');",
              "err": {},
              "uuid": "c9312ca9-987b-4244-9235-8eef8de074fd",
              "parentUUID": "4a11829e-bed2-4309-ae91-07b7f821e53f",
              "isHook": false,
              "skipped": false
            }
          ],
          "suites": [],
          "passes": [
            "a7f83f2a-e1a2-4f23-a4e1-1eabf5c5d14d",
            "6782949f-90e6-43fc-9f0e-7a2d9f21ffdc",
            "dfa110fd-a159-406d-a0c2-1326fc951f57",
            "d5ed54cf-d4e7-4810-8de5-a1ca49e6e036",
            "2cf04ec6-6ce6-4998-b4d8-739a76bfe4f3",
            "c9312ca9-987b-4244-9235-8eef8de074fd"
          ],
          "failures": [],
          "pending": [],
          "skipped": [],
          "duration": 64689,
          "root": false,
          "rootEmpty": false,
          "_timeout": 2000
        }
      ],
      "passes": [],
      "failures": [],
      "pending": [],
      "skipped": [],
      "duration": 0,
      "root": true,
      "rootEmpty": true,
      "_timeout": 2000
    }
  ],
  "meta": {
    "mocha": {
      "version": "7.0.1"
    },
    "mochawesome": {
      "options": {
        "quiet": false,
        "reportFilename": "report",
        "saveHtml": true,
        "saveJson": true,
        "consoleReporter": "spec",
        "useInlineDiffs": false,
        "code": true
      },
      "version": "7.0.1"
    },
    "marge": {
      "options": {
        "reportDir": "cypress/reports",
        "reportFilename": "report",
        "overwrite": false,
        "html": true,
        "json": true,
        "charts": true
      },
      "version": "6.0.1"
    }
  }
}