{
  "stats": {
    "suites": 1,
    "tests": 6,
    "passes": 6,
    "pending": 0,
    "failures": 0,
    "start": "2022-02-16T16:05:45.344Z",
    "end": "2022-02-16T16:07:25.606Z",
    "duration": 100262,
    "testsRegistered": 6,
    "passPercent": 100,
    "pendingPercent": 0,
    "other": 0,
    "hasOther": false,
    "skipped": 0,
    "hasSkipped": false
  },
  "results": [
    {
      "uuid": "0747f725-80e2-41c5-b9f1-b696362b79ca",
      "title": "",
      "fullFile": "cypress/integration/testSuite01/ts01-LEVYHealth.js",
      "file": "cypress/integration/testSuite01/ts01-LEVYHealth.js",
      "beforeHooks": [],
      "afterHooks": [],
      "tests": [],
      "suites": [
        {
          "uuid": "2d2ffc57-0947-4f57-bb54-83b8091fa5ee",
          "title": "LEVY Health tests",
          "fullFile": "",
          "file": "",
          "beforeHooks": [],
          "afterHooks": [],
          "tests": [
            {
              "title": "test01: LEVY home page",
              "fullTitle": "LEVY Health tests test01: LEVY home page",
              "timedOut": null,
              "duration": 14250,
              "state": "passed",
              "speed": "slow",
              "pass": true,
              "fail": false,
              "pending": false,
              "context": null,
              "code": "cy.visit('https://www.levy.health/en/', {\n  failOnStatusCode: false\n}); //failOnStatusCode is to Handle Service Unavailable and Uncaught Exception in Cypress\ncy.url().should('include', 'levy.health/en');\ncy.title().should('contains', 'Levy Health');\ncy.get('#menu-item-wpml-ls-15-de > a > .wpml-ls-native').click();\ncy.url().should('include', 'levy.health');\ncy.wait(4000);\ncy.log('End of test');",
              "err": {},
              "uuid": "2491eb86-366c-4417-a36e-ec10f4c3a679",
              "parentUUID": "2d2ffc57-0947-4f57-bb54-83b8091fa5ee",
              "isHook": false,
              "skipped": false
            },
            {
              "title": "test02: our science",
              "fullTitle": "LEVY Health tests test02: our science",
              "timedOut": null,
              "duration": 15777,
              "state": "passed",
              "speed": "slow",
              "pass": true,
              "fail": false,
              "pending": false,
              "context": null,
              "code": "cy.visit('https://www.levy.health/en/');\ncy.get('#menu-main-menu-en-1 > .menu-item-564 > a').click();\ncy.url().should('include', 'levy.health/en/our-science/');\ncy.contains('LEVY Fertility Code').should('be.visible');\ncy.contains('The algorithm creates your personal risk profile').click();\ncy.contains('Individualized blood diagnostics').click();\ncy.contains('You receive your results and discuss them with our reproductive physicians').should('be.visible');\ncy.contains('We accompany you holistically').click();\ncy.wait(4000);\ncy.log('End of test');",
              "err": {},
              "uuid": "96f643e7-f932-4ed5-94d0-e0626d7e69f1",
              "parentUUID": "2d2ffc57-0947-4f57-bb54-83b8091fa5ee",
              "isHook": false,
              "skipped": false
            },
            {
              "title": "test03: team",
              "fullTitle": "LEVY Health tests test03: team",
              "timedOut": null,
              "duration": 15794,
              "state": "passed",
              "speed": "slow",
              "pass": true,
              "fail": false,
              "pending": false,
              "context": null,
              "code": "cy.visit('https://www.levy.health/en/');\ncy.get('#menu-main-menu-en-1 > .menu-item-563 > a').click();\ncy.url().should('include', 'levy.health/en/team/');\ncy.contains('THE FOUNDERS').should('be.visible');\ncy.contains('CAROLINE MITTERDORFER').should('be.visible');\ncy.contains('SILVIA HECHER').should('be.visible');\ncy.contains('THERESA VILSMAIER').should('be.visible');\ncy.contains('SCOTT ENGLAND');\ncy.wait(4000);\ncy.log('End of test');",
              "err": {},
              "uuid": "d8d3d20a-f47c-4157-8e8e-a4a359f230b8",
              "parentUUID": "2d2ffc57-0947-4f57-bb54-83b8091fa5ee",
              "isHook": false,
              "skipped": false
            },
            {
              "title": "test04: blog",
              "fullTitle": "LEVY Health tests test04: blog",
              "timedOut": null,
              "duration": 13624,
              "state": "passed",
              "speed": "slow",
              "pass": true,
              "fail": false,
              "pending": false,
              "context": null,
              "code": "cy.visit('https://www.levy.health/en/');\ncy.get('#menu-main-menu-en-1 > .menu-item-3391 > a').click();\ncy.url().should('include', 'levy.health/en/blog/');\ncy.contains('LEVY Blog').should('be.visible');\ncy.wait(4000);\ncy.log('End of test');",
              "err": {},
              "uuid": "8b61b80a-66bd-4379-96a3-d73605bdfe7c",
              "parentUUID": "2d2ffc57-0947-4f57-bb54-83b8091fa5ee",
              "isHook": false,
              "skipped": false
            },
            {
              "title": "test05: contact",
              "fullTitle": "LEVY Health tests test05: contact",
              "timedOut": null,
              "duration": 13831,
              "state": "passed",
              "speed": "slow",
              "pass": true,
              "fail": false,
              "pending": false,
              "context": null,
              "code": "cy.visit('https://www.levy.health/en/');\ncy.get('#menu-main-menu-en-1 > .menu-item-565 > a').click();\ncy.url().should('include', 'levy.health/en/contact/');\ncy.contains('Contact Us').should('be.visible');\ncy.contains('hello@levy.health').should('be.visible');\ncy.wait(4000);\ncy.log('End of test');",
              "err": {},
              "uuid": "dda837af-7a79-4078-975b-a632d0524b64",
              "parentUUID": "2d2ffc57-0947-4f57-bb54-83b8091fa5ee",
              "isHook": false,
              "skipped": false
            },
            {
              "title": "test06: login",
              "fullTitle": "LEVY Health tests test06: login",
              "timedOut": null,
              "duration": 23034,
              "state": "passed",
              "speed": "slow",
              "pass": true,
              "fail": false,
              "pending": false,
              "context": null,
              "code": "cy.visit('https://www.levy.health/en/');\ncy.get('#menu-main-menu-en-1 > .menu-item-type-custom > a').click();\ncy.url().should('include', 'your.levy.health/auth/register');\ncy.get('.picker > :nth-child(2)').click();\ncy.contains('Sign up to LEVY').should('be.visible');\ncy.contains('Already a member? Log in').should('be.visible');\ncy.contains('I agree to the Terms and Conditions and Data Privacy Policy').should('be.visible');\ncy.contains('Sign up to LEVY').should('be.visible');\ncy.wait(4000);\ncy.log('End of test');",
              "err": {},
              "uuid": "219ab41c-583b-4945-b9d5-81baa9c5e2dd",
              "parentUUID": "2d2ffc57-0947-4f57-bb54-83b8091fa5ee",
              "isHook": false,
              "skipped": false
            }
          ],
          "suites": [],
          "passes": [
            "2491eb86-366c-4417-a36e-ec10f4c3a679",
            "96f643e7-f932-4ed5-94d0-e0626d7e69f1",
            "d8d3d20a-f47c-4157-8e8e-a4a359f230b8",
            "8b61b80a-66bd-4379-96a3-d73605bdfe7c",
            "dda837af-7a79-4078-975b-a632d0524b64",
            "219ab41c-583b-4945-b9d5-81baa9c5e2dd"
          ],
          "failures": [],
          "pending": [],
          "skipped": [],
          "duration": 96310,
          "root": false,
          "rootEmpty": false,
          "_timeout": 2000
        }
      ],
      "passes": [],
      "failures": [],
      "pending": [],
      "skipped": [],
      "duration": 0,
      "root": true,
      "rootEmpty": true,
      "_timeout": 2000
    }
  ],
  "meta": {
    "mocha": {
      "version": "7.0.1"
    },
    "mochawesome": {
      "options": {
        "quiet": false,
        "reportFilename": "report",
        "saveHtml": true,
        "saveJson": true,
        "consoleReporter": "spec",
        "useInlineDiffs": false,
        "code": true
      },
      "version": "7.0.1"
    },
    "marge": {
      "options": {
        "reportDir": "cypress/reports",
        "reportFilename": "report",
        "overwrite": false,
        "html": true,
        "json": true,
        "charts": true
      },
      "version": "6.0.1"
    }
  }
}